IQ-TREE multicore version 1.6.12 for Linux 64-bit built Aug 15 2019
Developed by Bui Quang Minh, Nguyen Lam Tung, Olga Chernomor,
Heiko Schmidt, Dominik Schrempf, Michael Woodhams.

Host:    r17.uppmax.uu.se (AVX2, FMA3, 251 GB RAM)
Command: ../iqtree-1.6.12-Linux/bin/iqtree -s ../../Andricus/MSCO/4sets_275genes50codW18species/A275r50-18-4.phy -nt 19 -m C60 -pre C60-A275-50-18-4 --runs 2 -bb 1000
Seed:    253430 (Using SPRNG - Scalable Parallel Random Number Generator)
Time:    Fri Oct 22 15:30:56 2021
Kernel:  AVX+FMA - 19 threads (20 CPU cores detected)

Reading alignment file ../../Andricus/MSCO/4sets_275genes50codW18species/A275r50-18-4.phy ... Phylip format detected
Alignment most likely contains protein sequences
Alignment has 18 sequences with 127743 columns, 33211 distinct patterns
22730 parsimony-informative, 18219 singleton sites, 86794 constant sites
        Gap/Ambiguity  Composition  p-value
   1  A_curv    1.70%    passed     88.98%
   2  A_gros    3.19%    passed     92.42%
   3  A_qlan    3.42%    passed     75.18%
   4  A_qram    2.93%    passed     69.73%
   5  Aulac     1.82%    passed     99.99%
   6  Aylax     1.28%    passed     99.96%
   7  Belon     0.48%    passed     96.16%
   8  Calli     5.30%    passed     38.96%
   9  Cerop     3.14%    passed     99.88%
  10  Diast     3.30%    passed     99.91%
  11  Hedic     2.16%    passed     99.91%
  12  Isoco     2.71%    passed     98.29%
  13  Proto     7.88%    passed     99.63%
  14  Qwaqw     4.40%    failed      4.96%
  15  S_gif     1.41%    passed     95.27%
  16  S_ito     1.94%    passed     98.86%
  17  S_jap     1.23%    passed     95.49%
  18  S_umb     1.13%    passed     98.34%
****  TOTAL     2.75%  1 sequences failed composition chi2 test (p-value<5%; df=19)
NOTE: minimal branch length is reduced to 0.000000782822 for long alignment

---> START RUN NUMBER 1 (seed: 253430)

Create initial parsimony tree by phylogenetic likelihood library (PLL)... 0.169 seconds
Generating 1000 samples for ultrafast bootstrap (seed: 253430)...
Model C60 is alias for POISSON+G+FMIX{C60pi1:1:0.0169698865,C60pi2:1:0.0211683374,C60pi3:1:0.0276589079,C60pi4:1:0.0065675964,C60pi5:1:0.0141221416,C60pi6:1:0.0068774834,C60pi7:1:0.0146909701,C60pi8:1:0.0067225777,C60pi9:1:0.0018396660,C60pi10:1:0.0102547197,C60pi11:1:0.0230896163,C60pi12:1:0.0057941033,C60pi13:1:0.0125394534,C60pi14:1:0.0204526478,C60pi15:1:0.0070629602,C60pi16:1:0.0117982741,C60pi17:1:0.0068334668,C60pi18:1:0.0433775839,C60pi19:1:0.0318278731,C60pi20:1:0.0222546108,C60pi21:1:0.0102264969,C60pi22:1:0.0150545891,C60pi23:1:0.0134159878,C60pi24:1:0.0148552065,C60pi25:1:0.0239111516,C60pi26:1:0.0128776278,C60pi27:1:0.0222318842,C60pi28:1:0.0247444742,C60pi29:1:0.0214274810,C60pi30:1:0.0115001882,C60pi31:1:0.0076017389,C60pi32:1:0.0130258568,C60pi33:1:0.0093701965,C60pi34:1:0.0467194264,C60pi35:1:0.0441940314,C60pi36:1:0.0322263154,C60pi37:1:0.0402999891,C60pi38:1:0.0150234227,C60pi39:1:0.0104589903,C60pi40:1:0.0214742395,C60pi41:1:0.0154957836,C60pi42:1:0.0101789953,C60pi43:1:0.0227980379,C60pi44:1:0.0123204539,C60pi45:1:0.0066777583,C60pi46:1:0.0004150083,C60pi47:1:0.0344385130,C60pi48:1:0.0113663379,C60pi49:1:0.0127143049,C60pi50:1:0.0124323741,C60pi51:1:0.0262124415,C60pi52:1:0.0064994957,C60pi53:1:0.0103203293,C60pi54:1:0.0142463512,C60pi55:1:0.0215600067,C60pi56:1:0.0199150700,C60pi57:1:0.0038964200,C60pi58:1:0.0113448855,C60pi59:1:0.0128595846,C60pi60:1:0.0117656776}

NOTE: 22307 MB RAM (21 GB) is required!
Estimate model parameters (epsilon = 0.100)
1. Initial log-likelihood: -934654.485
2. Current log-likelihood: -923110.935
3. Current log-likelihood: -923055.914
Optimal log-likelihood: -923055.846
Mixture weights: 0.017 0.021 0.028 0.007 0.014 0.007 0.015 0.007 0.002 0.010 0.023 0.006 0.013 0.020 0.007 0.012 0.007 0.043 0.032 0.022 0.010 0.015 0.013 0.015 0.024 0.013 0.022 0.025 0.021 0.011 0.008 0.013 0.009 0.047 0.044 0.032 0.040 0.015 0.010 0.021 0.015 0.010 0.023 0.012 0.007 0.001 0.034 0.011 0.013 0.012 0.026 0.006 0.010 0.014 0.022 0.020 0.004 0.011 0.013 0.012
Gamma shape alpha: 0.265
Parameters optimization took 3 rounds (93.640 sec)
Computing ML distances based on estimated model parameters... 0.943 sec
Computing BIONJ tree...
0.004 seconds
Log-likelihood of BIONJ tree: -923046.532
--------------------------------------------------------------------
|             INITIALIZING CANDIDATE TREE SET                      |
--------------------------------------------------------------------
Generating 98 parsimony trees... 15.527 second
Computing log-likelihood of 98 initial trees ... 1407.511 seconds
Current best score: -923046.532

Do NNI search on 20 best initial trees
Estimate model parameters (epsilon = 0.100)
BETTER TREE FOUND at iteration 1: -923042.888
Iteration 10 / LogL: -923042.975 / Time: 0h:41m:27s
Iteration 20 / LogL: -923042.941 / Time: 0h:57m:44s
Finish initializing candidate tree set (1)
Current best tree score: -923042.888 / CPU time: 3324.644
Number of iterations: 20
--------------------------------------------------------------------
|               OPTIMIZING CANDIDATE TREE SET                      |
--------------------------------------------------------------------
Iteration 30 / LogL: -923043.939 / Time: 1h:16m:42s (3h:7m:48s left)
Iteration 40 / LogL: -923043.002 / Time: 1h:36m:18s (2h:30m:37s left)
Iteration 50 / LogL: -925287.943 / Time: 1h:59m:14s (2h:4m:6s left)
Log-likelihood cutoff on original alignment: -923074.505
Iteration 60 / LogL: -923044.842 / Time: 2h:19m:50s (1h:37m:10s left)
Iteration 70 / LogL: -923043.483 / Time: 2h:43m:20s (1h:13m:23s left)
Iteration 80 / LogL: -923043.977 / Time: 3h:6m:30s (0h:49m:34s left)
Iteration 90 / LogL: -923042.954 / Time: 3h:26m:31s (0h:25m:31s left)
Iteration 100 / LogL: -923043.107 / Time: 3h:46m:57s (0h:2m:17s left)
Log-likelihood cutoff on original alignment: -923074.505
NOTE: Bootstrap correlation coefficient of split occurrence frequencies: 1.000
TREE SEARCH COMPLETED AFTER 102 ITERATIONS / Time: 3h:50m:49s

--------------------------------------------------------------------
|                    FINALIZING TREE SEARCH                        |
--------------------------------------------------------------------
Performs final model parameters optimization
Estimate model parameters (epsilon = 0.010)
1. Initial log-likelihood: -923042.888
Optimal log-likelihood: -923042.888
Mixture weights: 0.017 0.021 0.028 0.007 0.014 0.007 0.015 0.007 0.002 0.010 0.023 0.006 0.013 0.020 0.007 0.012 0.007 0.043 0.032 0.022 0.010 0.015 0.013 0.015 0.024 0.013 0.022 0.025 0.021 0.011 0.008 0.013 0.009 0.047 0.044 0.032 0.040 0.015 0.010 0.021 0.015 0.010 0.023 0.012 0.007 0.001 0.034 0.011 0.013 0.012 0.026 0.006 0.010 0.014 0.022 0.020 0.004 0.011 0.013 0.012
Gamma shape alpha: 0.265
Parameters optimization took 1 rounds (19.415 sec)
BEST SCORE FOUND : -923042.888
Creating bootstrap support values...
Split supports printed to NEXUS file C60-A275-50-18-4.splits.nex
Total tree length: 0.838

Total number of iterations: 102
CPU time used for tree search: 254122.188 sec (70h:35m:22s)
Wall-clock time used for tree search: 13709.599 sec (3h:48m:29s)
Total CPU time used: 256981.277 sec (71h:23m:1s)
Total wall-clock time used: 13869.353 sec (3h:51m:9s)

Computing bootstrap consensus tree...
Reading input file C60-A275-50-18-4.splits.nex...
18 taxa and 37 splits.
Consensus tree written to C60-A275-50-18-4.contree
Reading input trees file C60-A275-50-18-4.contree
Log-likelihood of consensus tree: -923042.888

---> START RUN NUMBER 2 (seed: 254430)

Create initial parsimony tree by phylogenetic likelihood library (PLL)... 0.120 seconds
Generating 1000 samples for ultrafast bootstrap (seed: 254430)...
Model C60 is alias for POISSON+G+FMIX{C60pi1:1:0.0169698865,C60pi2:1:0.0211683374,C60pi3:1:0.0276589079,C60pi4:1:0.0065675964,C60pi5:1:0.0141221416,C60pi6:1:0.0068774834,C60pi7:1:0.0146909701,C60pi8:1:0.0067225777,C60pi9:1:0.0018396660,C60pi10:1:0.0102547197,C60pi11:1:0.0230896163,C60pi12:1:0.0057941033,C60pi13:1:0.0125394534,C60pi14:1:0.0204526478,C60pi15:1:0.0070629602,C60pi16:1:0.0117982741,C60pi17:1:0.0068334668,C60pi18:1:0.0433775839,C60pi19:1:0.0318278731,C60pi20:1:0.0222546108,C60pi21:1:0.0102264969,C60pi22:1:0.0150545891,C60pi23:1:0.0134159878,C60pi24:1:0.0148552065,C60pi25:1:0.0239111516,C60pi26:1:0.0128776278,C60pi27:1:0.0222318842,C60pi28:1:0.0247444742,C60pi29:1:0.0214274810,C60pi30:1:0.0115001882,C60pi31:1:0.0076017389,C60pi32:1:0.0130258568,C60pi33:1:0.0093701965,C60pi34:1:0.0467194264,C60pi35:1:0.0441940314,C60pi36:1:0.0322263154,C60pi37:1:0.0402999891,C60pi38:1:0.0150234227,C60pi39:1:0.0104589903,C60pi40:1:0.0214742395,C60pi41:1:0.0154957836,C60pi42:1:0.0101789953,C60pi43:1:0.0227980379,C60pi44:1:0.0123204539,C60pi45:1:0.0066777583,C60pi46:1:0.0004150083,C60pi47:1:0.0344385130,C60pi48:1:0.0113663379,C60pi49:1:0.0127143049,C60pi50:1:0.0124323741,C60pi51:1:0.0262124415,C60pi52:1:0.0064994957,C60pi53:1:0.0103203293,C60pi54:1:0.0142463512,C60pi55:1:0.0215600067,C60pi56:1:0.0199150700,C60pi57:1:0.0038964200,C60pi58:1:0.0113448855,C60pi59:1:0.0128595846,C60pi60:1:0.0117656776}

NOTE: 22307 MB RAM (21 GB) is required!
Estimate model parameters (epsilon = 0.100)
1. Initial log-likelihood: -934654.485
2. Current log-likelihood: -923110.935
3. Current log-likelihood: -923055.914
Optimal log-likelihood: -923055.846
Mixture weights: 0.017 0.021 0.028 0.007 0.014 0.007 0.015 0.007 0.002 0.010 0.023 0.006 0.013 0.020 0.007 0.012 0.007 0.043 0.032 0.022 0.010 0.015 0.013 0.015 0.024 0.013 0.022 0.025 0.021 0.011 0.008 0.013 0.009 0.047 0.044 0.032 0.040 0.015 0.010 0.021 0.015 0.010 0.023 0.012 0.007 0.001 0.034 0.011 0.013 0.012 0.026 0.006 0.010 0.014 0.022 0.020 0.004 0.011 0.013 0.012
Gamma shape alpha: 0.265
Parameters optimization took 3 rounds (91.054 sec)
Computing ML distances based on estimated model parameters... 0.971 sec
Computing BIONJ tree...
0.059 seconds
Log-likelihood of BIONJ tree: -923046.532
--------------------------------------------------------------------
|             INITIALIZING CANDIDATE TREE SET                      |
--------------------------------------------------------------------
Generating 98 parsimony trees... 16.215 second
Computing log-likelihood of 98 initial trees ... 1406.517 seconds
Current best score: -923046.532

Do NNI search on 20 best initial trees
Estimate model parameters (epsilon = 0.100)
BETTER TREE FOUND at iteration 1: -923042.888
Iteration 10 / LogL: -923042.903 / Time: 0h:40m:23s
Iteration 20 / LogL: -923043.055 / Time: 0h:55m:50s
Finish initializing candidate tree set (1)
Current best tree score: -923042.888 / CPU time: 3212.327
Number of iterations: 20
--------------------------------------------------------------------
|               OPTIMIZING CANDIDATE TREE SET                      |
--------------------------------------------------------------------
Iteration 30 / LogL: -923043.219 / Time: 1h:16m:22s (3h:6m:57s left)
Iteration 40 / LogL: -923042.998 / Time: 1h:37m:53s (2h:33m:5s left)
Iteration 50 / LogL: -923045.666 / Time: 2h:0m:45s (2h:5m:40s left)
Log-likelihood cutoff on original alignment: -923071.763
Iteration 60 / LogL: -923043.165 / Time: 2h:23m:8s (1h:39m:28s left)
Iteration 70 / LogL: -923043.067 / Time: 2h:44m:11s (1h:13m:45s left)
Iteration 80 / LogL: -923042.963 / Time: 3h:5m:26s (0h:49m:17s left)
Iteration 90 / LogL: -923043.702 / Time: 3h:26m:9s (0h:25m:28s left)
Iteration 100 / LogL: -924143.894 / Time: 3h:47m:24s (0h:2m:17s left)
Log-likelihood cutoff on original alignment: -923071.894
NOTE: Bootstrap correlation coefficient of split occurrence frequencies: 1.000
TREE SEARCH COMPLETED AFTER 102 ITERATIONS / Time: 3h:50m:53s

--------------------------------------------------------------------
|                    FINALIZING TREE SEARCH                        |
--------------------------------------------------------------------
Performs final model parameters optimization
Estimate model parameters (epsilon = 0.010)
1. Initial log-likelihood: -923042.888
Optimal log-likelihood: -923042.888
Mixture weights: 0.017 0.021 0.028 0.007 0.014 0.007 0.015 0.007 0.002 0.010 0.023 0.006 0.013 0.020 0.007 0.012 0.007 0.043 0.032 0.022 0.010 0.015 0.013 0.015 0.024 0.013 0.022 0.025 0.021 0.011 0.008 0.013 0.009 0.047 0.044 0.032 0.040 0.015 0.010 0.021 0.015 0.010 0.023 0.012 0.007 0.001 0.034 0.011 0.013 0.012 0.026 0.006 0.010 0.014 0.022 0.020 0.004 0.011 0.013 0.012
Gamma shape alpha: 0.265
Parameters optimization took 1 rounds (24.937 sec)
BEST SCORE FOUND : -923042.888
Creating bootstrap support values...
Split supports printed to NEXUS file C60-A275-50-18-4.splits.nex
Total tree length: 0.838

Total number of iterations: 102
CPU time used for tree search: 254403.272 sec (70h:40m:3s)
Wall-clock time used for tree search: 13715.353 sec (3h:48m:35s)
Total CPU time used: 257353.950 sec (71h:29m:13s)
Total wall-clock time used: 13878.503 sec (3h:51m:18s)

Computing bootstrap consensus tree...
Reading input file C60-A275-50-18-4.splits.nex...
18 taxa and 37 splits.
Consensus tree written to C60-A275-50-18-4.contree
Reading input trees file C60-A275-50-18-4.contree
Log-likelihood of consensus tree: -923042.888

---> SUMMARIZE RESULTS FROM 2 RUNS

Run 2 gave best log-likelihood: -923042.888
Model C60 is alias for POISSON+G+FMIX{C60pi1:1:0.0169698865,C60pi2:1:0.0211683374,C60pi3:1:0.0276589079,C60pi4:1:0.0065675964,C60pi5:1:0.0141221416,C60pi6:1:0.0068774834,C60pi7:1:0.0146909701,C60pi8:1:0.0067225777,C60pi9:1:0.0018396660,C60pi10:1:0.0102547197,C60pi11:1:0.0230896163,C60pi12:1:0.0057941033,C60pi13:1:0.0125394534,C60pi14:1:0.0204526478,C60pi15:1:0.0070629602,C60pi16:1:0.0117982741,C60pi17:1:0.0068334668,C60pi18:1:0.0433775839,C60pi19:1:0.0318278731,C60pi20:1:0.0222546108,C60pi21:1:0.0102264969,C60pi22:1:0.0150545891,C60pi23:1:0.0134159878,C60pi24:1:0.0148552065,C60pi25:1:0.0239111516,C60pi26:1:0.0128776278,C60pi27:1:0.0222318842,C60pi28:1:0.0247444742,C60pi29:1:0.0214274810,C60pi30:1:0.0115001882,C60pi31:1:0.0076017389,C60pi32:1:0.0130258568,C60pi33:1:0.0093701965,C60pi34:1:0.0467194264,C60pi35:1:0.0441940314,C60pi36:1:0.0322263154,C60pi37:1:0.0402999891,C60pi38:1:0.0150234227,C60pi39:1:0.0104589903,C60pi40:1:0.0214742395,C60pi41:1:0.0154957836,C60pi42:1:0.0101789953,C60pi43:1:0.0227980379,C60pi44:1:0.0123204539,C60pi45:1:0.0066777583,C60pi46:1:0.0004150083,C60pi47:1:0.0344385130,C60pi48:1:0.0113663379,C60pi49:1:0.0127143049,C60pi50:1:0.0124323741,C60pi51:1:0.0262124415,C60pi52:1:0.0064994957,C60pi53:1:0.0103203293,C60pi54:1:0.0142463512,C60pi55:1:0.0215600067,C60pi56:1:0.0199150700,C60pi57:1:0.0038964200,C60pi58:1:0.0113448855,C60pi59:1:0.0128595846,C60pi60:1:0.0117656776}
Split supports printed to NEXUS file C60-A275-50-18-4.splits.nex
Consensus tree written to C60-A275-50-18-4.contree
Total CPU time for 2 runs: 515751.312 seconds.
Total wall-clock time for 2 runs: 27828.324 seconds.


Analysis results written to: 
  IQ-TREE report:                C60-A275-50-18-4.iqtree
  Maximum-likelihood tree:       C60-A275-50-18-4.treefile
  Trees from independent runs:   C60-A275-50-18-4.runtrees
  Likelihood distances:          C60-A275-50-18-4.mldist

Ultrafast bootstrap approximation results written to:
  Split support values:          C60-A275-50-18-4.splits.nex
  Consensus tree:                C60-A275-50-18-4.contree
  Screen log file:               C60-A275-50-18-4.log

Date and Time: Fri Oct 22 23:14:45 2021
